#
# A fatal error has been detected by the Java Runtime Environment:
#
#  SIGBUS (0x7) at pc=0x00007f684af72ec0, pid=20708, tid=0x00007f67f040e700
#
# JRE version: OpenJDK Runtime Environment (8.0_312-b07) (build 1.8.0_312-8u312-b07-0ubuntu1~18.04-b07)
# Java VM: OpenJDK 64-Bit Server VM (25.312-b07 mixed mode linux-amd64 compressed oops)
# Problematic frame:
# C  [libzip.so+0x4ec0]
#
# Failed to write core dump. Core dumps have been disabled. To enable core dumping, try "ulimit -c unlimited" before starting Java again
#
# If you would like to submit a bug report, please visit:
#   http://bugreport.java.com/bugreport/crash.jsp
# The crash happened outside the Java Virtual Machine in native code.
# See problematic frame for where to report the bug.
#

---------------  T H R E A D  ---------------

Current thread (0x00007f684d9d7800):  JavaThread "RS-EventLoopGroup-1-13" daemon [_thread_in_native, id=22739, stack(0x00007f67f030e000,0x00007f67f040f000)]

siginfo: si_signo: 7 (SIGBUS), si_code: 2 (BUS_ADRERR), si_addr: 0x00007f68150424dd

Registers:
RAX=0x00007f684de2a0e0, RBX=0x00007f684d6bcbc0, RCX=0x00007f6835481450, RDX=0x00007f684de2a0e0
RSP=0x00007f67f040abd0, RBP=0x00007f67f040ac40, RSI=0x00007f6835481468, RDI=0x0000000000000000
R8 =0x0000000030517ba7, R9 =0x000000000000005b, R10=0x00007f683c2ef218, R11=0x00000003d07d3258
R12=0x00000000000484bf, R13=0x0000000030517ba7, R14=0x00007f684de2a0e0, R15=0x00007f68150424bf
RIP=0x00007f684af72ec0, EFLAGS=0x0000000000010202, CSGSFS=0x002b000000000033, ERR=0x0000000000000004
  TRAPNO=0x000000000000000e

Top of Stack: (sp=0x00007f67f040abd0)
0x00007f67f040abd0:   00007f670000000c 00007f68180143d8
0x00007f67f040abe0:   00007f684d9d7800 00007f684d9d7800
0x00007f67f040abf0:   0000000000000001 00007f67f040aec0
0x00007f67f040ac00:   00007f684d9d7800 000000005132bcd1
0x00007f67f040ac10:   000000000000005b 00007f684d6c51a0
0x00007f67f040ac20:   000000000000005b 0000000030517ba7
0x00007f67f040ac30:   00007f684d6bcbc0 00007f68340f8ea0
0x00007f67f040ac40:   00007f67f040ac90 00007f684af73b6e
0x00007f67f040ac50:   01007f670000005b 00007f67f040acb0
0x00007f67f040ac60:   00007f67f040ac90 000000000000005b
0x00007f67f040ac70:   00007f684d9d7a50 00007f67f040b108
0x00007f67f040ac80:   00007f67f040acb0 00007f684d6bcbc0
0x00007f67f040ac90:   00007f67f040b0f0 00007f684af71b25
0x00007f67f040aca0:   00007f684d9d7800 00007f6800000001
0x00007f67f040acb0:   636170612f67726f 6f6f6461682f6568
0x00007f67f040acc0:   2f65736162682f70 702f646564616873
0x00007f67f040acd0:   2f6675626f746f72 65746172656e6567
0x00007f67f040ace0:   6f72504350522f64 6563784524736f74
0x00007f67f040acf0:   7365526e6f697470 75422465736e6f70
0x00007f67f040ad00:   6c632e7265646c69 00007f0000737361
0x00007f67f040ad10:   00007f67f040ae00 00007f67f040adc0
0x00007f67f040ad20:   00007f67f040aeb0 00007f685111b63d
0x00007f67f040ad30:   4128646165526c65 00007f68515b2019
0x00007f67f040ad40:   00007f67f040b2e0 00007f67f040ad80
0x00007f67f040ad50:   00007f67f040ad70 00007f684d9d7a50
0x00007f67f040ad60:   00007f6852473fa0 000055ab7444c228
0x00007f67f040ad70:   00007f68180143d8 00007f684d9d7800
0x00007f67f040ad80:   00007f68180143d8 00007f684d9d7800
0x00007f67f040ad90:   00007f684df997c0 000055ab73333150
0x00007f67f040ada0:   000055ab73333160 000055ab73333538
0x00007f67f040adb0:   00000000000003d8 5465747900000000
0x00007f67f040adc0:   00007f68180143d8 00007f684d9d7800 

Instructions: (pc=0x00007f684af72ec0)
0x00007f684af72ea0:   00 00 00 48 c7 40 28 00 00 00 00 4d 8b 24 24 0f
0x00007f684af72eb0:   84 1b 01 00 00 4c 2b 63 28 4c 8b 7b 18 4d 01 e7
0x00007f684af72ec0:   41 0f b7 47 1e 45 0f b7 6f 1c 45 31 e4 66 89 45
0x00007f684af72ed0:   ca 41 0f b7 47 20 44 89 ea 66 89 45 c8 41 8b 47 

Register to memory mapping:

RAX=0x00007f684de2a0e0 is an unknown value
RBX=0x00007f684d6bcbc0 is an unknown value
RCX=0x00007f6835481450 is an unknown value
RDX=0x00007f684de2a0e0 is an unknown value
RSP=0x00007f67f040abd0 is pointing into the stack for thread: 0x00007f684d9d7800
RBP=0x00007f67f040ac40 is pointing into the stack for thread: 0x00007f684d9d7800
RSI=0x00007f6835481468 is an unknown value
RDI=0x0000000000000000 is an unknown value
R8 =0x0000000030517ba7 is an unknown value
R9 =0x000000000000005b is an unknown value
R10=0x00007f683c2ef218 is at entry_point+88 in (nmethod*)0x00007f683c2ef050
R11=