#
# A fatal error has been detected by the Java Runtime Environment:
#
#  SIGBUS (0x7) at pc=0x00007fa4775b9ec0, pid=34757, tid=0x00007fa42486a700
#
# JRE version: OpenJDK Runtime Environment (8.0_312-b07) (build 1.8.0_312-8u312-b07-0ubuntu1~18.04-b07)
# Java VM: OpenJDK 64-Bit Server VM (25.312-b07 mixed mode linux-amd64 compressed oops)
# Problematic frame:
# C  [libzip.so+0x4ec0]
#
# Failed to write core dump. Core dumps have been disabled. To enable core dumping, try "ulimit -c unlimited" before starting Java again
#
# If you would like to submit a bug report, please visit:
#   http://bugreport.java.com/bugreport/crash.jsp
# The crash happened outside the Java Virtual Machine in native code.
# See problematic frame for where to report the bug.
#

---------------  T H R E A D  ---------------

Current thread (0x00007fa45d37c800):  JavaThread "RS-EventLoopGroup-1-14" daemon [_thread_in_native, id=37279, stack(0x00007fa42476a000,0x00007fa42486b000)]

siginfo: si_signo: 7 (SIGBUS), si_code: 2 (BUS_ADRERR), si_addr: 0x00007fa4417ce45a

Registers:
RAX=0x00007fa479b24530, RBX=0x00007fa479615f40, RCX=0x00007fa479c4dd90, RDX=0x00007fa479b24530
RSP=0x00007fa424866260, RBP=0x00007fa4248662d0, RSI=0x00007fa479c4dda8, RDI=0x00007fa45d7214b0
R8 =0x00000000a5f6055d, R9 =0x0000000000000055, R10=0x00007fa46893ae18, R11=0x00000003c22ee058
R12=0x000000000004843c, R13=0x00000000a5f6055d, R14=0x00007fa479b24530, R15=0x00007fa4417ce43c
RIP=0x00007fa4775b9ec0, EFLAGS=0x0000000000010206, CSGSFS=0x002b000000000033, ERR=0x0000000000000004
  TRAPNO=0x000000000000000e

Top of Stack: (sp=0x00007fa424866260)
0x00007fa424866260:   00007fa40000000c 00007fa4446fe3d8
0x00007fa424866270:   00007fa45d37c800 00007fa45d37c800
0x00007fa424866280:   0000000000000001 00007fa424866550
0x00007fa424866290:   00007fa45d37c800 000000007dab7cd1
0x00007fa4248662a0:   0000000000000055 00007fa47961e510
0x00007fa4248662b0:   0000000000000055 00000000a5f6055d
0x00007fa4248662c0:   00007fa479615f40 00007fa4784eba80
0x00007fa4248662d0:   00007fa424866320 00007fa4775bab6e
0x00007fa4248662e0:   01007fa400000055 00007fa424866340
0x00007fa4248662f0:   00007fa424866320 0000000000000055
0x00007fa424866300:   00007fa45d37ca50 00007fa424866798
0x00007fa424866310:   00007fa424866340 00007fa479615f40
0x00007fa424866320:   00007fa424866780 00007fa4775b8b25
0x00007fa424866330:   00007fa45d37c800 00007fa400000001
0x00007fa424866340:   636170612f67726f 6f6f6461682f6568
0x00007fa424866350:   2f65736162682f70 702f646564616873
0x00007fa424866360:   2f6675626f746f72 65746172656e6567
0x00007fa424866370:   6f72504350522f64 6563784524736f74
0x00007fa424866380:   7365526e6f697470 2e312465736e6f70
0x00007fa424866390:   0000007373616c63 00007fa424866550
0x00007fa4248663a0:   00007fa424866490 00007fa424866450
0x00007fa4248663b0:   00007fa424866540 00007fa47d8a763d
0x00007fa4248663c0:   00007fa4248679d0 0000000000000007
0x00007fa4248663d0:   00007fa4640778c0 00007fa424866410
0x00007fa4248663e0:   00007fa424866400 00007fa45d37ca50
0x00007fa4248663f0:   00007fa44472f8d8 00007fa464188a18
0x00007fa424866400:   00007fa4446fe3d8 00007fa45d37c800
0x00007fa424866410:   00007fa4446fe3d8 00007fa45d37c800
0x00007fa424866420:   00007fa45c2ed6e0 0000557de9d6a430
0x00007fa424866430:   0000557de9d6a440 0000557de9d6a818
0x00007fa424866440:   00000000000003d8 00007fa424867920
0x00007fa424866450:   00007fa4446fe3d8 00007fa45d37c800 

Instructions: (pc=0x00007fa4775b9ec0)
0x00007fa4775b9ea0:   00 00 00 48 c7 40 28 00 00 00 00 4d 8b 24 24 0f
0x00007fa4775b9eb0:   84 1b 01 00 00 4c 2b 63 28 4c 8b 7b 18 4d 01 e7
0x00007fa4775b9ec0:   41 0f b7 47 1e 45 0f b7 6f 1c 45 31 e4 66 89 45
0x00007fa4775b9ed0:   ca 41 0f b7 47 20 44 89 ea 66 89 45 c8 41 8b 47 

Register to memory mapping:

RAX=0x00007fa479b24530 is an unknown value
RBX=0x00007fa479615f40 is an unknown value
RCX=0x00007fa479c4dd90 is an unknown value
RDX=0x00007fa479b24530 is an unknown value
RSP=0x00007fa424866260 is pointing into the stack for thread: 0x00007fa45d37c800
RBP=0x00007fa4248662d0 is pointing into the stack for thread: 0x00007fa45d37c800
RSI=0x00007fa479c4dda8 is an unknown value
RDI=0x00007fa45d7214b0 is an unknown value
R8 =0x00000000a5f6055d is an unknown value
R9 =0x0000000000000055 is an unknown value
R10=0x00007fa46893ae18 is at entry_point+88 in (nmethod*)0x00007fa46893ac50
R11=