#
# A fatal error has been detected by the Java Runtime Environment:
#
#  SIGBUS (0x7) at pc=0x00007f223d35aec0, pid=15620, tid=0x00007f21f75f7700
#
# JRE version: OpenJDK Runtime Environment (8.0_312-b07) (build 1.8.0_312-8u312-b07-0ubuntu1~18.04-b07)
# Java VM: OpenJDK 64-Bit Server VM (25.312-b07 mixed mode linux-amd64 compressed oops)
# Problematic frame:
# C  [libzip.so+0x4ec0]
#
# Failed to write core dump. Core dumps have been disabled. To enable core dumping, try "ulimit -c unlimited" before starting Java again
#
# If you would like to submit a bug report, please visit:
#   http://bugreport.java.com/bugreport/crash.jsp
# The crash happened outside the Java Virtual Machine in native code.
# See problematic frame for where to report the bug.
#

---------------  T H R E A D  ---------------

Current thread (0x000055834d2f3000):  JavaThread "RS-EventLoopGroup-1-3" daemon [_thread_in_native, id=17238, stack(0x00007f21f74f7000,0x00007f21f75f8000)]

siginfo: si_signo: 7 (SIGBUS), si_code: 2 (BUS_ADRERR), si_addr: 0x00007f22033caf0b

Registers:
RAX=0x00007f22391446c0, RBX=0x00007f2239689f50, RCX=0x000055834c396160, RDX=0x00007f22391446c0
RSP=0x00007f21f75f37e0, RBP=0x00007f21f75f3850, RSI=0x000055834c396178, RDI=0x000055834c822e40
R8 =0x00000000bd1a81bf, R9 =0x0000000000000052, R10=0x00007f22293843d8, R11=0x00000003c4a79e98
R12=0x0000000000047eed, R13=0x00000000bd1a81bf, R14=0x00007f22391446c0, R15=0x00007f22033caeed
RIP=0x00007f223d35aec0, EFLAGS=0x0000000000010206, CSGSFS=0x002b000000000033, ERR=0x0000000000000004
  TRAPNO=0x000000000000000e

Top of Stack: (sp=0x00007f21f75f37e0)
0x00007f21f75f37e0:   00007f210000000c 00007f22063863d8
0x00007f21f75f37f0:   000055834d2f3000 000055834d2f3000
0x00007f21f75f3800:   0000000000000001 00007f21f75f3ad0
0x00007f21f75f3810:   000055834d2f3000 000000003f6b4cd1
0x00007f21f75f3820:   0000000000000052 00007f2239692480
0x00007f21f75f3830:   0000000000000052 00000000bd1a81bf
0x00007f21f75f3840:   00007f2239689f50 000055834d1e56e0
0x00007f21f75f3850:   00007f21f75f38a0 00007f223d35bb6e
0x00007f21f75f3860:   01007f2100000052 00007f21f75f38c0
0x00007f21f75f3870:   00007f21f75f38a0 0000000000000052
0x00007f21f75f3880:   000055834d2f3250 00007f21f75f3d18
0x00007f21f75f3890:   00007f21f75f38c0 00007f2239689f50
0x00007f21f75f38a0:   00007f21f75f3d00 00007f223d359b25
0x00007f21f75f38b0:   000055834d2f3000 00007f2200000001
0x00007f21f75f38c0:   636170612f67726f 6f6f6461682f6568
0x00007f21f75f38d0:   2f65736162682f70 702f646564616873
0x00007f21f75f38e0:   2f6675626f746f72 65746172656e6567
0x00007f21f75f38f0:   6f72504350522f64 6e6e6f4324736f74
0x00007f21f75f3900:   65486e6f69746365 616c632e72656461
0x00007f21f75f3910:   00007f2100007373 00007f21f75f3ad0
0x00007f21f75f3920:   00007f21f75f3a10 00007f21f75f39d0
0x00007f21f75f3930:   00007f21f75f3ac0 00007f223f4a463d
0x00007f21f75f3940:   00007f2240aa54a0 00007f2240aa3f70
0x00007f21f75f3950:   00007f2206427bc0 00007f21f75f3990
0x00007f21f75f3960:   00007f21f75f3980 000055834d2f3250
0x00007f21f75f3970:   00007f2240aa3f70 000055834c764d68
0x00007f21f75f3980:   00007f22063863d8 000055834d2f3000
0x00007f21f75f3990:   00007f22063863d8 000055834d2f3000
0x00007f21f75f39a0:   000055834cd6b860 00007f221c324dc0
0x00007f21f75f39b0:   00007f221c324dd0 00007f221c3251a8
0x00007f21f75f39c0:   00000000000003d8 789ae1d1f71dc000
0x00007f21f75f39d0:   00007f22063863d8 000055834d2f3000 

Instructions: (pc=0x00007f223d35aec0)
0x00007f223d35aea0:   00 00 00 48 c7 40 28 00 00 00 00 4d 8b 24 24 0f
0x00007f223d35aeb0:   84 1b 01 00 00 4c 2b 63 28 4c 8b 7b 18 4d 01 e7
0x00007f223d35aec0:   41 0f b7 47 1e 45 0f b7 6f 1c 45 31 e4 66 89 45
0x00007f223d35aed0:   ca 41 0f b7 47 20 44 89 ea 66 89 45 c8 41 8b 47 

Register to memory mapping:

RAX=0x00007f22391446c0 is an unknown value
RBX=0x00007f2239689f50 is an unknown value
RCX=0x000055834c396160 is an unknown value
RDX=0x00007f22391446c0 is an unknown value
RSP=0x00007f21f75f37e0 is pointing into the stack for thread: 0x000055834d2f3000
RBP=0x00007f21f75f3850 is pointing into the stack for thread: 0x000055834d2f3000
RSI=0x000055834c396178 is an unknown value
RDI=0x000055834c822e40 is an unknown value
R8 =0x00000000bd1a81bf is an unknown value
R9 =0x0000000000000052 is an unknown value
R10=0x00007f22293843d8 is at entry_point+88 in (nmethod*)0x00007f2229384210
R11=