#
# A fatal error has been detected by the Java Runtime Environment:
#
#  SIGBUS (0x7) at pc=0x00007f305d781ec0, pid=36369, tid=0x00007f3002259700
#
# JRE version: OpenJDK Runtime Environment (8.0_342-b07) (build 1.8.0_342-8u342-b07-0ubuntu1~18.04-b07)
# Java VM: OpenJDK 64-Bit Server VM (25.342-b07 mixed mode linux-amd64 compressed oops)
# Problematic frame:
# C  [libzip.so+0x4ec0]
#
# Failed to write core dump. Core dumps have been disabled. To enable core dumping, try "ulimit -c unlimited" before starting Java again
#
# If you would like to submit a bug report, please visit:
#   http://bugreport.java.com/bugreport/crash.jsp
# The crash happened outside the Java Virtual Machine in native code.
# See problematic frame for where to report the bug.
#

---------------  T H R E A D  ---------------

Current thread (0x00007f303c5b4000):  JavaThread "RS-EventLoopGroup-1-21" daemon [_thread_in_native, id=37264, stack(0x00007f3002159000,0x00007f300225a000)]

siginfo: si_signo: 7 (SIGBUS), si_code: 2 (BUS_ADRERR), si_addr: 0x00007f30237f345a

Registers:
RAX=0x00007f30583b3520, RBX=0x00007f305973a230, RCX=0x00007f3045184be0, RDX=0x00007f30583b3520
RSP=0x00007f3002255820, RBP=0x00007f3002255890, RSI=0x00007f3045184bf8, RDI=0x00007f303cab8d70
R8 =0x00000000a5f6055d, R9 =0x0000000000000055, R10=0x00007f3049386bd8, R11=0x00000003cd2e2df8
R12=0x000000000004843c, R13=0x00000000a5f6055d, R14=0x00007f30583b3520, R15=0x00007f30237f343c
RIP=0x00007f305d781ec0, EFLAGS=0x0000000000010206, CSGSFS=0x002b000000000033, ERR=0x0000000000000004
  TRAPNO=0x000000000000000e

Top of Stack: (sp=0x00007f3002255820)
0x00007f3002255820:   00007f3002255900 00007f3002255b18
0x00007f3002255830:   00007f300000000c 00007f302678a3d8
0x00007f3002255840:   00007f303c5b4000 00007f303c5b4000
0x00007f3002255850:   0000000000000001 000000005fae07e1
0x00007f3002255860:   0000000000000055 00007f3059742800
0x00007f3002255870:   0000000000000055 00000000a5f6055d
0x00007f3002255880:   00007f305973a230 00007f30440d3b20
0x00007f3002255890:   00007f30022558e0 00007f305d782b6e
0x00007f30022558a0:   01007f3000000055 00007f3002255900
0x00007f30022558b0:   00007f3002255900 0000000000000055
0x00007f30022558c0:   00007f303c5b4258 00007f3002255d58
0x00007f30022558d0:   00007f3002255900 00007f305973a230
0x00007f30022558e0:   00007f3002255d40 00007f305d780b25
0x00007f30022558f0:   00007f30022560c0 00007f3000000001
0x00007f3002255900:   636170612f67726f 6f6f6461682f6568
0x00007f3002255910:   2f65736162682f70 702f646564616873
0x00007f3002255920:   2f6675626f746f72 65746172656e6567
0x00007f3002255930:   6f72504350522f64 6563784524736f74
0x00007f3002255940:   7365526e6f697470 2e312465736e6f70
0x00007f3002255950:   0000007373616c63 00007f3002255a10
0x00007f3002255960:   00007f3002255b60 00007f3002255b10
0x00007f3002255970:   00007f30022559d0 00007f3002255a10
0x00007f3002255980:   00007f3002255b00 00007f305f8cef3e
0x00007f3002255990:   00007f3002255f30 00007f3002255a50
0x00007f30022559a0:   00007f30022559c0 00007f303c5b4258
0x00007f30022559b0:   00007f3060c26fa0 00007f303c229b58
0x00007f30022559c0:   00007f302678a3d8 00007f303c5b4000
0x00007f30022559d0:   00007f302678a3d8 00007f303c5b4000
0x00007f30022559e0:   00007f303c464a90 00007f303c473760
0x00007f30022559f0:   00007f303c473770 00007f303c473b48
0x00007f3002255a00:   00000000000003d8 00007f305fae0632
0x00007f3002255a10:   00007f302678a3d8 00007f303c5b4000 

Instructions: (pc=0x00007f305d781ec0)
0x00007f305d781ea0:   00 00 00 48 c7 40 28 00 00 00 00 4d 8b 24 24 0f
0x00007f305d781eb0:   84 1b 01 00 00 4c 2b 63 28 4c 8b 7b 18 4d 01 e7
0x00007f305d781ec0:   41 0f b7 47 1e 45 0f b7 6f 1c 45 31 e4 66 89 45
0x00007f305d781ed0:   ca 41 0f b7 47 20 44 89 ea 66 89 45 c8 41 8b 47 

Register to memory mapping:

RAX=0x00007f30583b3520 is an unknown value
RBX=0x00007f305973a230 is an unknown value
RCX=0x00007f3045184be0 is an unknown value
RDX=0x00007f30583b3520 is an unknown value
RSP=0x00007f3002255820 is pointing into the stack for thread: 0x00007f303c5b4000
RBP=0x00007f3002255890 is pointing into the stack for thread: 0x00007f303c5b4000
RSI=0x00007f3045184bf8 is an unknown value
RDI=0x00007f303cab8d70 is an unknown value
R8 =0x00000000a5f6055d is an unknown value
R9 =0x0000000000000055 is an unknown value
R10=0x00007f3049386bd8 is at entry_point+88 in (nmethod*)0x00007f3049386a10
R11=