#
# A fatal error has been detected by the Java Runtime Environment:
#
#  SIGBUS (0x7) at pc=0x00007f585a175ec0, pid=26244, tid=0x00007f58083c1700
#
# JRE version: OpenJDK Runtime Environment (8.0_312-b07) (build 1.8.0_312-8u312-b07-0ubuntu1~18.04-b07)
# Java VM: OpenJDK 64-Bit Server VM (25.312-b07 mixed mode linux-amd64 compressed oops)
# Problematic frame:
# C  [libzip.so+0x4ec0]
#
# Failed to write core dump. Core dumps have been disabled. To enable core dumping, try "ulimit -c unlimited" before starting Java again
#
# If you would like to submit a bug report, please visit:
#   http://bugreport.java.com/bugreport/crash.jsp
# The crash happened outside the Java Virtual Machine in native code.
# See problematic frame for where to report the bug.
#

---------------  T H R E A D  ---------------

Current thread (0x0000557e7c3ca800):  JavaThread "RS-EventLoopGroup-1-64" daemon [_thread_in_native, id=29590, stack(0x00007f58082c1000,0x00007f58083c2000)]

siginfo: si_signo: 7 (SIGBUS), si_code: 2 (BUS_ADRERR), si_addr: 0x00007f58201e045a

Registers:
RAX=0x00007f5855b2bb70, RBX=0x00007f585560fe60, RCX=0x00007f584164de50, RDX=0x00007f5855b2bb70
RSP=0x00007f58083bd8f0, RBP=0x00007f58083bd960, RSI=0x00007f584164de68, RDI=0x00007f58416942a0
R8 =0x00000000a5f6055d, R9 =0x0000000000000055, R10=0x00007f5845385b18, R11=0x00000003c98d4538
R12=0x000000000004843c, R13=0x00000000a5f6055d, R14=0x00007f5855b2bb70, R15=0x00007f58201e043c
RIP=0x00007f585a175ec0, EFLAGS=0x0000000000010206, CSGSFS=0x002b000000000033, ERR=0x0000000000000004
  TRAPNO=0x000000000000000e

Top of Stack: (sp=0x00007f58083bd8f0)
0x00007f58083bd8f0:   00007f580000000c 00007f58231943d8
0x00007f58083bd900:   0000557e7c3ca800 0000557e7c3ca800
0x00007f58083bd910:   0000000000000001 00007f58083bdbe0
0x00007f58083bd920:   0000557e7c3ca800 000000005c4cfcd1
0x00007f58083bd930:   0000000000000055 00007f5855618430
0x00007f58083bd940:   0000000000000055 00000000a5f6055d
0x00007f58083bd950:   00007f585560fe60 00007f5841d60e50
0x00007f58083bd960:   00007f58083bd9b0 00007f585a176b6e
0x00007f58083bd970:   01007f5800000055 00007f58083bd9d0
0x00007f58083bd980:   00007f58083bd9b0 0000000000000055
0x00007f58083bd990:   0000557e7c3caa50 00007f58083bde28
0x00007f58083bd9a0:   00007f58083bd9d0 00007f585560fe60
0x00007f58083bd9b0:   00007f58083bde10 00007f585a174b25
0x00007f58083bd9c0:   0000557e7c3ca800 00007f5800000001
0x00007f58083bd9d0:   636170612f67726f 6f6f6461682f6568
0x00007f58083bd9e0:   2f65736162682f70 702f646564616873
0x00007f58083bd9f0:   2f6675626f746f72 65746172656e6567
0x00007f58083bda00:   6f72504350522f64 6563784524736f74
0x00007f58083bda10:   7365526e6f697470 2e312465736e6f70
0x00007f58083bda20:   0000007373616c63 00007f58083bdbe0
0x00007f58083bda30:   00007f58083bdb20 00007f58083bdae0
0x00007f58083bda40:   00007f58083bdbd0 00007f585c2bf63d
0x00007f58083bda50:   00007f58083bdff0 00007f58083be1d0
0x00007f58083bda60:   0000000000000000 00007f58083bdaa0
0x00007f58083bda70:   00007f58083bda90 0000557e7c3caa50
0x00007f58083bda80:   00007f58083bdaa0 0000557e7bd07a88
0x00007f58083bda90:   00007f58231943d8 0000557e7c3ca800
0x00007f58083bdaa0:   00007f58231943d8 0000557e7c3ca800
0x00007f58083bdab0:   0000557e7c9fbd00 0000557e7b9ef360
0x00007f58083bdac0:   0000557e7b9ef370 0000557e7b9ef748
0x00007f58083bdad0:   00000000000003d8 00007f585c4cfb34
0x00007f58083bdae0:   00007f58231943d8 0000557e7c3ca800 

Instructions: (pc=0x00007f585a175ec0)
0x00007f585a175ea0:   00 00 00 48 c7 40 28 00 00 00 00 4d 8b 24 24 0f
0x00007f585a175eb0:   84 1b 01 00 00 4c 2b 63 28 4c 8b 7b 18 4d 01 e7
0x00007f585a175ec0:   41 0f b7 47 1e 45 0f b7 6f 1c 45 31 e4 66 89 45
0x00007f585a175ed0:   ca 41 0f b7 47 20 44 89 ea 66 89 45 c8 41 8b 47 

Register to memory mapping:

RAX=0x00007f5855b2bb70 is an unknown value
RBX=0x00007f585560fe60 is an unknown value
RCX=0x00007f584164de50 is an unknown value
RDX=0x00007f5855b2bb70 is an unknown value
RSP=0x00007f58083bd8f0 is pointing into the stack for thread: 0x0000557e7c3ca800
RBP=0x00007f58083bd960 is pointing into the stack for thread: 0x0000557e7c3ca800
RSI=0x00007f584164de68 is an unknown value
RDI=0x00007f58416942a0 is an unknown value
R8 =0x00000000a5f6055d is an unknown value
R9 =0x0000000000000055 is an unknown value
R10=0x00007f5845385b18 is at entry_point+88 in (nmethod*)0x00007f5845385950
R11=